This is pdfTeX, Version 3.141592653-2.6-1.40.24 (MiKTeX 21.12) (preloaded format=pdflatex 2021.12.18)  18 DEC 2021 22:37
entering extended mode
 restricted \write18 enabled.
 %&-line parsing enabled.
**./main.tex
(main.tex
LaTeX2e <2021-11-15> patch level 1
L3 programming layer <2021-11-22>
(C:\Users\rutvi\AppData\Local\Programs\MiKTeX\tex/latex/base\report.cls
Document Class: report 2021/10/04 v1.4n Standard LaTeX document class
(C:\Users\rutvi\AppData\Local\Programs\MiKTeX\tex/latex/base\size12.clo
File: size12.clo 2021/10/04 v1.4n Standard LaTeX file (size option)
)
\c@part=\count183
\c@chapter=\count184
\c@section=\count185
\c@subsection=\count186
\c@subsubsection=\count187
\c@paragraph=\count188
\c@subparagraph=\count189
\c@figure=\count190
\c@table=\count191
\abovecaptionskip=\skip47
\belowcaptionskip=\skip48
\bibindent=\dimen138
)
(C:\Users\rutvi\AppData\Local\Programs\MiKTeX\tex/latex/amsfonts\amssymb.sty
Package: amssymb 2013/01/14 v3.01 AMS font symbols

(C:\Users\rutvi\AppData\Local\Programs\MiKTeX\tex/latex/amsfonts\amsfonts.sty
Package: amsfonts 2013/01/14 v3.01 Basic AMSFonts support
\@emptytoks=\toks16
\symAMSa=\mathgroup4
\symAMSb=\mathgroup5
LaTeX Font Info:    Redeclaring math symbol \hbar on input line 98.
LaTeX Font Info:    Overwriting math alphabet `\mathfrak' in version `bold'
(Font)                  U/euf/m/n --> U/euf/b/n on input line 106.
)) (C:\Users\rutvi\AppData\Local\Programs\MiKTeX\tex/latex/graphics\graphicx.st
y
Package: graphicx 2021/09/16 v1.2d Enhanced LaTeX Graphics (DPC,SPQR)

(C:\Users\rutvi\AppData\Local\Programs\MiKTeX\tex/latex/graphics\keyval.sty
Package: keyval 2014/10/28 v1.15 key=value parser (DPC)
\KV@toks@=\toks17
)
(C:\Users\rutvi\AppData\Local\Programs\MiKTeX\tex/latex/graphics\graphics.sty
Package: graphics 2021/03/04 v1.4d Standard LaTeX Graphics (DPC,SPQR)

(C:\Users\rutvi\AppData\Local\Programs\MiKTeX\tex/latex/graphics\trig.sty
Package: trig 2021/08/11 v1.11 sin cos tan (DPC)
)
(C:\Users\rutvi\AppData\Local\Programs\MiKTeX\tex/latex/graphics-cfg\graphics.c
fg
File: graphics.cfg 2016/06/04 v1.11 sample graphics configuration
)
Package graphics Info: Driver file: pdftex.def on input line 107.

(C:\Users\rutvi\AppData\Local\Programs\MiKTeX\tex/latex/graphics-def\pdftex.def
File: pdftex.def 2020/10/05 v1.2a Graphics/color driver for pdftex
))
\Gin@req@height=\dimen139
\Gin@req@width=\dimen140
) (C:\Users\rutvi\AppData\Local\Programs\MiKTeX\tex/latex/natbib\natbib.sty
Package: natbib 2010/09/13 8.31b (PWD, AO)
\bibhang=\skip49
\bibsep=\skip50
LaTeX Info: Redefining \cite on input line 694.
\c@NAT@ctr=\count192
)
(C:\Users\rutvi\AppData\Local\Programs\MiKTeX\tex/latex/tools\multicol.sty
Package: multicol 2021/10/28 v1.9b multicolumn formatting (FMi)
\c@tracingmulticols=\count193
\mult@box=\box50
\multicol@leftmargin=\dimen141
\c@unbalance=\count194
\c@collectmore=\count195
\doublecol@number=\count196
\multicoltolerance=\count197
\multicolpretolerance=\count198
\full@width=\dimen142
\page@free=\dimen143
\premulticols=\dimen144
\postmulticols=\dimen145
\multicolsep=\skip51
\multicolbaselineskip=\skip52
\partial@page=\box51
\last@line=\box52
\maxbalancingoverflow=\dimen146
\mult@rightbox=\box53
\mult@grightbox=\box54
\mult@firstbox=\box55
\mult@gfirstbox=\box56
\@tempa=\box57
\@tempa=\box58
\@tempa=\box59
\@tempa=\box60
\@tempa=\box61
\@tempa=\box62
\@tempa=\box63
\@tempa=\box64
\@tempa=\box65
\@tempa=\box66
\@tempa=\box67
\@tempa=\box68
\@tempa=\box69
\@tempa=\box70
\@tempa=\box71
\@tempa=\box72
\@tempa=\box73
\@tempa=\box74
\@tempa=\box75
\@tempa=\box76
\@tempa=\box77
\@tempa=\box78
\@tempa=\box79
\@tempa=\box80
\@tempa=\box81
\@tempa=\box82
\@tempa=\box83
\@tempa=\box84
\@tempa=\box85
\@tempa=\box86
\@tempa=\box87
\@tempa=\box88
\@tempa=\box89
\@tempa=\box90
\@tempa=\box91
\@tempa=\box92
\c@minrows=\count199
\c@columnbadness=\count266
\c@finalcolumnbadness=\count267
\last@try=\dimen147
\multicolovershoot=\dimen148
\multicolundershoot=\dimen149
\mult@nat@firstbox=\box93
\colbreak@box=\box94
\mc@col@check@num=\count268
)
(C:\Users\rutvi\AppData\Local\Programs\MiKTeX\tex/latex/psnfss\times.sty
Package: times 2020/03/25 PSNFSS-v9.3 (SPQR) 
)
(C:\Users\rutvi\AppData\Local\Programs\MiKTeX\tex/latex/listings\listings.sty
\lst@mode=\count269
\lst@gtempboxa=\box95
\lst@token=\toks18
\lst@length=\count270
\lst@currlwidth=\dimen150
\lst@column=\count271
\lst@pos=\count272
\lst@lostspace=\dimen151
\lst@width=\dimen152
\lst@newlines=\count273
\lst@lineno=\count274
\lst@maxwidth=\dimen153

(C:\Users\rutvi\AppData\Local\Programs\MiKTeX\tex/latex/listings\lstmisc.sty
File: lstmisc.sty 2020/03/24 1.8d (Carsten Heinz)
\c@lstnumber=\count275
\lst@skipnumbers=\count276
\lst@framebox=\box96
)
(C:\Users\rutvi\AppData\Local\Programs\MiKTeX\tex/latex/listings\listings.cfg
File: listings.cfg 2020/03/24 1.8d listings configuration
))
Package: listings 2020/03/24 1.8d (Carsten Heinz)
(C:\Users\rutvi\AppData\Local\Programs\MiKTeX\tex/latex/amsmath\amsmath.sty
Package: amsmath 2021/10/15 v2.17l AMS math features
\@mathmargin=\skip53

For additional information on amsmath, use the `?' option.
(C:\Users\rutvi\AppData\Local\Programs\MiKTeX\tex/latex/amsmath\amstext.sty
Package: amstext 2021/08/26 v2.01 AMS text

(C:\Users\rutvi\AppData\Local\Programs\MiKTeX\tex/latex/amsmath\amsgen.sty
File: amsgen.sty 1999/11/30 v2.0 generic functions
\@emptytoks=\toks19
\ex@=\dimen154
))
(C:\Users\rutvi\AppData\Local\Programs\MiKTeX\tex/latex/amsmath\amsbsy.sty
Package: amsbsy 1999/11/29 v1.2d Bold Symbols
\pmbraise@=\dimen155
)
(C:\Users\rutvi\AppData\Local\Programs\MiKTeX\tex/latex/amsmath\amsopn.sty
Package: amsopn 2021/08/26 v2.02 operator names
)
\inf@bad=\count277
LaTeX Info: Redefining \frac on input line 234.
\uproot@=\count278
\leftroot@=\count279
LaTeX Info: Redefining \overline on input line 399.
\classnum@=\count280
\DOTSCASE@=\count281
LaTeX Info: Redefining \ldots on input line 496.
LaTeX Info: Redefining \dots on input line 499.
LaTeX Info: Redefining \cdots on input line 620.
\Mathstrutbox@=\box97
\strutbox@=\box98
\big@size=\dimen156
LaTeX Font Info:    Redeclaring font encoding OML on input line 743.
LaTeX Font Info:    Redeclaring font encoding OMS on input line 744.
\macc@depth=\count282
\c@MaxMatrixCols=\count283
\dotsspace@=\muskip16
\c@parentequation=\count284
\dspbrk@lvl=\count285
\tag@help=\toks20
\row@=\count286
\column@=\count287
\maxfields@=\count288
\andhelp@=\toks21
\eqnshift@=\dimen157
\alignsep@=\dimen158
\tagshift@=\dimen159
\tagwidth@=\dimen160
\totwidth@=\dimen161
\lineht@=\dimen162
\@envbody=\toks22
\multlinegap=\skip54
\multlinetaggap=\skip55
\mathdisplay@stack=\toks23
LaTeX Info: Redefining \[ on input line 2938.
LaTeX Info: Redefining \] on input line 2939.
)
(C:\Users\rutvi\AppData\Local\Programs\MiKTeX\tex/latex/geometry\geometry.sty
Package: geometry 2020/01/02 v5.9 Page Geometry

(C:\Users\rutvi\AppData\Local\Programs\MiKTeX\tex/generic/iftex\ifvtex.sty
Package: ifvtex 2019/10/25 v1.7 ifvtex legacy package. Use iftex instead.

(C:\Users\rutvi\AppData\Local\Programs\MiKTeX\tex/generic/iftex\iftex.sty
Package: iftex 2020/03/06 v1.0d TeX engine tests
))
\Gm@cnth=\count289
\Gm@cntv=\count290
\c@Gm@tempcnt=\count291
\Gm@bindingoffset=\dimen163
\Gm@wd@mp=\dimen164
\Gm@odd@mp=\dimen165
\Gm@even@mp=\dimen166
\Gm@layoutwidth=\dimen167
\Gm@layoutheight=\dimen168
\Gm@layouthoffset=\dimen169
\Gm@layoutvoffset=\dimen170
\Gm@dimlist=\toks24

(C:\Users\rutvi\AppData\Local\Programs\MiKTeX\tex/latex/geometry\geometry.cfg))
LaTeX Font Info:    Trying to load font information for OT1+ptm on input line 2
7.
(C:\Users\rutvi\AppData\Local\Programs\MiKTeX\tex/latex/psnfss\ot1ptm.fd
File: ot1ptm.fd 2001/06/04 font definitions for OT1/ptm.
)
(C:\Users\rutvi\AppData\Local\Programs\MiKTeX\tex/latex/l3backend\l3backend-pdf
tex.def
File: l3backend-pdftex.def 2021-10-18 L3 backend support: PDF output (pdfTeX)
\l__color_backend_stack_int=\count292
\l__pdf_internal_box=\box99
) (main.aux (FrontMatter/titlePage.aux) (FrontMatter/overview.aux)
(Chapters/Fixed_wing.aux) (Chapters/Multirotor.aux) (Chapters/conclusions.aux))
\openout1 = `main.aux'.

LaTeX Font Info:    Checking defaults for OML/cmm/m/it on input line 27.
LaTeX Font Info:    ... okay on input line 27.
LaTeX Font Info:    Checking defaults for OMS/cmsy/m/n on input line 27.
LaTeX Font Info:    ... okay on input line 27.
LaTeX Font Info:    Checking defaults for OT1/cmr/m/n on input line 27.
LaTeX Font Info:    ... okay on input line 27.
LaTeX Font Info:    Checking defaults for T1/cmr/m/n on input line 27.
LaTeX Font Info:    ... okay on input line 27.
LaTeX Font Info:    Checking defaults for TS1/cmr/m/n on input line 27.
LaTeX Font Info:    ... okay on input line 27.
LaTeX Font Info:    Checking defaults for OMX/cmex/m/n on input line 27.
LaTeX Font Info:    ... okay on input line 27.
LaTeX Font Info:    Checking defaults for U/cmr/m/n on input line 27.
LaTeX Font Info:    ... okay on input line 27.

(C:\Users\rutvi\AppData\Local\Programs\MiKTeX\tex/context/base/mkii\supp-pdf.mk
ii
[Loading MPS to PDF converter (version 2006.09.02).]
\scratchcounter=\count293
\scratchdimen=\dimen171
\scratchbox=\box100
\nofMPsegments=\count294
\nofMParguments=\count295
\everyMPshowfont=\toks25
\MPscratchCnt=\count296
\MPscratchDim=\dimen172
\MPnumerator=\count297
\makeMPintoPDFobject=\count298
\everyMPtoPDFconversion=\toks26
)
(C:\Users\rutvi\AppData\Local\Programs\MiKTeX\tex/latex/epstopdf-pkg\epstopdf-b
ase.sty
Package: epstopdf-base 2020-01-24 v2.11 Base part for package epstopdf
Package epstopdf-base Info: Redefining graphics rule for `.eps' on input line 4
85.

(C:\Users\rutvi\AppData\Local\Programs\MiKTeX\tex/latex/00miktex\epstopdf-sys.c
fg
File: epstopdf-sys.cfg 2021/03/18 v2.0 Configuration of epstopdf for MiKTeX
))
\c@lstlisting=\count299

*geometry* driver: auto-detecting
*geometry* detected driver: pdftex
*geometry* verbose mode - [ preamble ] result:
* driver: pdftex
* paper: <default>
* layout: <same size as paper>
* layoutoffset:(h,v)=(0.0pt,0.0pt)
* modes: 
* h-part:(L,W,R)=(72.26999pt, 469.75502pt, 72.26999pt)
* v-part:(T,H,B)=(72.26999pt, 650.43001pt, 72.26999pt)
* \paperwidth=614.295pt
* \paperheight=794.96999pt
* \textwidth=469.75502pt
* \textheight=650.43001pt
* \oddsidemargin=0.0pt
* \evensidemargin=0.0pt
* \topmargin=-37.0pt
* \headheight=12.0pt
* \headsep=25.0pt
* \topskip=12.0pt
* \footskip=30.0pt
* \marginparwidth=44.0pt
* \marginparsep=10.0pt
* \columnsep=10.0pt
* \skip\footins=10.8pt plus 4.0pt minus 2.0pt
* \hoffset=0.0pt
* \voffset=0.0pt
* \mag=1000
* \@twocolumnfalse
* \@twosidefalse
* \@mparswitchfalse
* \@reversemarginfalse
* (1in=72.27pt=25.4mm, 1cm=28.453pt)

\openout2 = `./FrontMatter/titlePage.aux'.

(FrontMatter/titlePage.tex
<./Images/iitdlogo.PNG, id=1, 65.5248pt x 65.043pt>
File: ./Images/iitdlogo.PNG Graphic file (type png)
<use ./Images/iitdlogo.PNG>
Package pdftex.def Info: ./Images/iitdlogo.PNG  used on input line 23.
(pdftex.def)             Requested size: 99.58464pt x 98.85347pt.
) [1


{C:/Users/rutvi/AppData/Local/MiKTeX/fonts/map/pdftex/pdftex.map} <./Images/iit
dlogo.PNG>] (main.toc
LaTeX Font Info:    Trying to load font information for U+msa on input line 2.

(C:\Users\rutvi\AppData\Local\Programs\MiKTeX\tex/latex/amsfonts\umsa.fd
File: umsa.fd 2013/01/14 v3.01 AMS symbols A
)
LaTeX Font Info:    Trying to load font information for U+msb on input line 2.

(C:\Users\rutvi\AppData\Local\Programs\MiKTeX\tex/latex/amsfonts\umsb.fd
File: umsb.fd 2013/01/14 v3.01 AMS symbols B
))
\tf@toc=\write3
\openout3 = `main.toc'.


[2



] (main.lof)
\tf@lof=\write4
\openout4 = `main.lof'.

 [3

] (main.lot)
\tf@lot=\write5
\openout5 = `main.lot'.

 [4

]
\openout2 = `./FrontMatter/overview.aux'.

 (FrontMatter/overview.tex) [1


]
\openout2 = `./Chapters/Fixed_wing.aux'.


(Chapters/Fixed_wing.tex
Chapter 1.
[2




]
<Images/Fixed_Wing_parameters.png, id=25, 557.6835pt x 449.2785pt>
File: Images/Fixed_Wing_parameters.png Graphic file (type png)
<use Images/Fixed_Wing_parameters.png>
Package pdftex.def Info: Images/Fixed_Wing_parameters.png  used on input line 3
0.
(pdftex.def)             Requested size: 375.80544pt x 302.76315pt.
 [3 <./Images/Fixed_Wing_parameters.png>]

Package natbib Warning: Citation `Randal2012' on page 4 undefined on input line
 69.

[4]
Underfull \hbox (badness 10000) in paragraph at lines 86--87

 []


! Package amsmath Error: \begin{aligned} allowed only in math mode.

See the amsmath package documentation for explanation.
Type  H <return>  for immediate help.
 ...                                              
                                                  
l.89 	&
       \left(\begin{array}{c}
You're in trouble here.  Try typing  <return>  to proceed.
If that doesn't work, type  X <return>  to quit.

! Missing $ inserted.
<inserted text> 
                $
l.89 	&
       \left(\begin{array}{c}
I've inserted a begin-math/end-math symbol since I think
you left one out. Proceed, with fingers crossed.

! Missing $ inserted.
<inserted text> 
                $
l.118 \end{aligned}
                    \\\\
I've inserted something that you may have forgotten.
(See the <inserted text> above.)
With luck, this will get me unwedged. But if you
really didn't forget anything, try typing `2' now; then
my insertion and my current dilemma will both disappear.


Underfull \hbox (badness 10000) in paragraph at lines 89--119

 []


Underfull \hbox (badness 10000) in paragraph at lines 89--119

 []


Underfull \hbox (badness 10000) in paragraph at lines 120--121

 []

LaTeX Font Info:    Trying to load font information for TS1+ptm on input line 1
23.
(C:\Users\rutvi\AppData\Local\Programs\MiKTeX\tex/latex/psnfss\ts1ptm.fd
File: ts1ptm.fd 2001/06/04 font definitions for TS1/ptm.
)
[5]

! LaTeX Error: There's no line here to end.

See the LaTeX manual or LaTeX Companion for explanation.
Type  H <return>  for immediate help.
 ...                                              
                                                  
l.148 \end{lstlisting}\\\
                         
Your command was ignored.
Type  I <command> <return>  to replace it with another command,
or  <return>  to continue without it.


Underfull \hbox (badness 10000) in paragraph at lines 151--156

 []


! Package amsmath Error: \begin{aligned} allowed only in math mode.

See the amsmath package documentation for explanation.
Type  H <return>  for immediate help.
 ...                                              
                                                  
l.158 	\left
            (\begin{array}{c}
You're in trouble here.  Try typing  <return>  to proceed.
If that doesn't work, type  X <return>  to quit.

! Missing $ inserted.
<inserted text> 
                $
l.158 	\left
            (\begin{array}{c}
I've inserted a begin-math/end-math symbol since I think
you left one out. Proceed, with fingers crossed.

! Missing $ inserted.
<inserted text> 
                $
l.187 \end{aligned}
                    \\\\
I've inserted something that you may have forgotten.
(See the <inserted text> above.)
With luck, this will get me unwedged. But if you
really didn't forget anything, try typing `2' now; then
my insertion and my current dilemma will both disappear.


Underfull \hbox (badness 10000) in paragraph at lines 158--188

 []


Underfull \hbox (badness 10000) in paragraph at lines 158--188

 []


Underfull \hbox (badness 10000) in paragraph at lines 189--190

 []

[6]

! LaTeX Error: There's no line here to end.

See the LaTeX manual or LaTeX Companion for explanation.
Type  H <return>  for immediate help.
 ...                                              
                                                  
l.210 \end{lstlisting} \\\
                          
Your command was ignored.
Type  I <command> <return>  to replace it with another command,
or  <return>  to continue without it.


Underfull \hbox (badness 10000) in paragraph at lines 213--214

 []

<Images/fixed_wing_simulink.png, id=50, 710.05275pt x 292.6935pt>
File: Images/fixed_wing_simulink.png Graphic file (type png)
<use Images/fixed_wing_simulink.png>
Package pdftex.def Info: Images/fixed_wing_simulink.png  used on input line 219
.
(pdftex.def)             Requested size: 469.75502pt x 193.64278pt.
) [7 <./Images/fixed_wing_simulink.png>]
\openout2 = `./Chapters/Multirotor.aux'.

 (Chapters/Multirotor.tex
Chapter 2.

Underfull \hbox (badness 10000) in paragraph at lines 4--5

 []


! LaTeX Error: Unicode character α (U+03B1)
               not set up for use with LaTeX.

See the LaTeX manual or LaTeX Companion for explanation.
Type  H <return>  for immediate help.
 ...                                              
                                                  
l.15 ...orward speed, V we can then solve for $ α
                                                  _D $, v, T, $ P_{ind} $, $...

You may provide a definition with
\DeclareUnicodeCharacter 


Underfull \hbox (badness 10000) in paragraph at lines 15--16

 []


! LaTeX Error: Unicode character α (U+03B1)
               not set up for use with LaTeX.

See the LaTeX manual or LaTeX Companion for explanation.
Type  H <return>  for immediate help.
 ...                                              
                                                  
l.18 ...rag $ D = \frac{\rho C_D V^2}{2} $ at $ α
                                                  _D = 0 $ Assume $ α_D $ d...

You may provide a definition with
\DeclareUnicodeCharacter 


! LaTeX Error: Unicode character α (U+03B1)
               not set up for use with LaTeX.

See the LaTeX manual or LaTeX Companion for explanation.
Type  H <return>  for immediate help.
 ...                                              
                                                  
l.18 ... C_D V^2}{2} $ at $ α_D = 0 $ Assume $ α
                                                  _D $ does not affect the d...

You may provide a definition with
\DeclareUnicodeCharacter 


! LaTeX Error: Unicode character α (U+03B1)
               not set up for use with LaTeX.

See the LaTeX manual or LaTeX Companion for explanation.
Type  H <return>  for immediate help.
 ...                                              
                                                  
l.19 	\item Solve $ α
                      _D = tan^-1(\frac{D}{W}) $
You may provide a definition with
\DeclareUnicodeCharacter 


! LaTeX Error: Unicode character α (U+03B1)
               not set up for use with LaTeX.

See the LaTeX manual or LaTeX Companion for explanation.
Type  H <return>  for immediate help.
 ...                                              
                                                  
l.20 ...and re-arrange to get, $ v_4 + (2 V sin(α
                                                  _D)) v_3 + V 2 v_2 −(W2 ...

You may provide a definition with
\DeclareUnicodeCharacter 


! LaTeX Error: Unicode character − (U+2212)
               not set up for use with LaTeX.

See the LaTeX manual or LaTeX Companion for explanation.
Type  H <return>  for immediate help.
 ...                                              
                                                  
l.20 ... $ v_4 + (2 V sin(α_D)) v_3 + V 2 v_2 −
                                                  (W2 + D2)/(2 ρ A)2 = 0 $
You may provide a definition with
\DeclareUnicodeCharacter 


! LaTeX Error: Unicode character ρ (U+03C1)
               not set up for use with LaTeX.

See the LaTeX manual or LaTeX Companion for explanation.
Type  H <return>  for immediate help.
 ...                                              
                                                  
l.20 ...in(α_D)) v_3 + V 2 v_2 −(W2 + D2)/(2 ρ
                                                   A)2 = 0 $
You may provide a definition with
\DeclareUnicodeCharacter 


! LaTeX Error: Unicode character α (U+03B1)
               not set up for use with LaTeX.

See the LaTeX manual or LaTeX Companion for explanation.
Type  H <return>  for immediate help.
 ...                                              
                                                  
l.21 ...$ P_{ind} = T_v; P_{tot} = T (v + V sin(α
                                                  _D)) $
You may provide a definition with
\DeclareUnicodeCharacter 

[8




]
Underfull \hbox (badness 10000) in paragraph at lines 28--29

 []


Underfull \hbox (badness 10000) in paragraph at lines 30--31

 []


Underfull \hbox (badness 10000) in paragraph at lines 32--33

 []


Underfull \hbox (badness 10000) in paragraph at lines 34--35

 []


Underfull \hbox (badness 10000) in paragraph at lines 36--38

 []


Underfull \hbox (badness 10000) in paragraph at lines 39--40

 []

<Images/ss_1.png, id=58, 570.33075pt x 219.82124pt>
File: Images/ss_1.png Graphic file (type png)
<use Images/ss_1.png>
Package pdftex.def Info: Images/ss_1.png  used on input line 54.
(pdftex.def)             Requested size: 375.80544pt x 144.84766pt.
<Images/ss_2.png, id=59, 510.10574pt x 422.17725pt>
File: Images/ss_2.png Graphic file (type png)
<use Images/ss_2.png>
Package pdftex.def Info: Images/ss_2.png  used on input line 55.
(pdftex.def)             Requested size: 375.80544pt x 311.0277pt.
[9] [10 <./Images/ss_1.png> <./Images/ss_2.png>]
<Images/position_control.png, id=69, 361.35pt x 331.2375pt>
File: Images/position_control.png Graphic file (type png)
<use Images/position_control.png>
Package pdftex.def Info: Images/position_control.png  used on input line 69.
(pdftex.def)             Requested size: 375.80544pt x 344.48897pt.
 [11 <./Images/position_control.png>]
Underfull \hbox (badness 10000) in paragraph at lines 82--83

 []

! Missing $ inserted.
<inserted text> 
                $
l.84 \left
          [\begin{array}{c}
I've inserted a begin-math/end-math symbol since I think
you left one out. Proceed, with fingers crossed.

! Missing $ inserted.
<inserted text> 
                $
l.94 
     
I've inserted a begin-math/end-math symbol since I think
you left one out. Proceed, with fingers crossed.


Underfull \hbox (badness 10000) in paragraph at lines 84--94

 []

Runaway argument?
{psi$ to be given into the dynamics model of the quadrotor. For this,\ETC.
! Paragraph ended before \mathaccentV was complete.
<to be read again> 
                   \par 
l.99 	
      
I suspect you've forgotten a `}', causing me to apply this
control sequence to too much text. How can we recover?
My plan is to forget the whole thing and hope for the best.

! Missing $ inserted.
<inserted text> 
                $
l.99 	
      
I've inserted a begin-math/end-math symbol since I think
you left one out. Proceed, with fingers crossed.

<Images/pe.jpg, id=74, 374.90062pt x 229.60782pt>
File: Images/pe.jpg Graphic file (type jpg)
<use Images/pe.jpg>
Package pdftex.def Info: Images/pe.jpg  used on input line 106.
(pdftex.def)             Requested size: 375.80544pt x 230.17482pt.
[12]
<Images/rp.png, id=78, 546.843pt x 431.81325pt>
File: Images/rp.png Graphic file (type png)
<use Images/rp.png>
Package pdftex.def Info: Images/rp.png  used on input line 120.
(pdftex.def)             Requested size: 375.80544pt x 296.76544pt.


! LaTeX Error: There's no line here to end.

See the LaTeX manual or LaTeX Companion for explanation.
Type  H <return>  for immediate help.
 ...                                              
                                                  
l.132 
      
Your command was ignored.
Type  I <command> <return>  to replace it with another command,
or  <return>  to continue without it.

<Images/multirotor.jpg, id=79, 465.23813pt x 145.29282pt>
File: Images/multirotor.jpg Graphic file (type jpg)
<use Images/multirotor.jpg>
Package pdftex.def Info: Images/multirotor.jpg  used on input line 135.
(pdftex.def)             Requested size: 516.73338pt x 161.38998pt.

Overfull \hbox (46.97836pt too wide) in paragraph at lines 135--136
 [][] 
 []


Underfull \hbox (badness 10000) in paragraph at lines 140--141

 []

[13 <./Images/pe.jpg>] [14 <./Images/rp.png> <./Images/multirotor.jpg>]
<Images/multirotor_sol.png, id=87, 945.5325pt x 489.027pt>
File: Images/multirotor_sol.png Graphic file (type png)
<use Images/multirotor_sol.png>
Package pdftex.def Info: Images/multirotor_sol.png  used on input line 154.
(pdftex.def)             Requested size: 516.73338pt x 267.25688pt.

Overfull \hbox (46.97836pt too wide) in paragraph at lines 154--155
 [][] 
 []


! LaTeX Error: There's no line here to end.

See the LaTeX manual or LaTeX Companion for explanation.
Type  H <return>  for immediate help.
 ...                                              
                                                  
l.158 
      
Your command was ignored.
Type  I <command> <return>  to replace it with another command,
or  <return>  to continue without it.

) [15 <./Images/multirotor_sol.png>]
\openout2 = `./Chapters/conclusions.aux'.

 (Chapters/conclusions.tex
Chapter 3.

Underfull \hbox (badness 10000) in paragraph at lines 2--3

 []

) [16




] (main.bbl

Package natbib Warning: Empty `thebibliography' environment on input line 10.

)

Package natbib Warning: There were undefined citations.

[17



] (main.aux (FrontMatter/titlePage.aux) (FrontMatter/overview.aux)
(Chapters/Fixed_wing.aux) (Chapters/Multirotor.aux) (Chapters/conclusions.aux))
 ) 
Here is how much of TeX's memory you used:
 5592 strings out of 478659
 87357 string characters out of 2845919
 417342 words of memory out of 3000000
 23587 multiletter control sequences out of 15000+600000
 417999 words of font info for 59 fonts, out of 8000000 for 9000
 1141 hyphenation exceptions out of 8191
 55i,18n,62p,762b,1522s stack positions out of 5000i,500n,10000p,200000b,80000s
{C:/Users/rutvi/AppData/Local/Programs/MiKTeX/fonts/enc/dvips/base/8r.enc}<C:
/Users/rutvi/AppData/Local/Programs/MiKTeX/fonts/type1/public/amsfonts/cm/cmex1
0.pfb><C:/Users/rutvi/AppData/Local/Programs/MiKTeX/fonts/type1/public/amsfonts
/cm/cmmi12.pfb><C:/Users/rutvi/AppData/Local/Programs/MiKTeX/fonts/type1/public
/amsfonts/cm/cmmi6.pfb><C:/Users/rutvi/AppData/Local/Programs/MiKTeX/fonts/type
1/public/amsfonts/cm/cmmi8.pfb><C:/Users/rutvi/AppData/Local/Programs/MiKTeX/fo
nts/type1/public/amsfonts/cm/cmr12.pfb><C:/Users/rutvi/AppData/Local/Programs/M
iKTeX/fonts/type1/public/amsfonts/cm/cmr6.pfb><C:/Users/rutvi/AppData/Local/Pro
grams/MiKTeX/fonts/type1/public/amsfonts/cm/cmr8.pfb><C:/Users/rutvi/AppData/Lo
cal/Programs/MiKTeX/fonts/type1/public/amsfonts/cm/cmsy10.pfb><C:/Users/rutvi/A
ppData/Local/Programs/MiKTeX/fonts/type1/public/amsfonts/cm/cmsy8.pfb><C:/Users
/rutvi/AppData/Local/Programs/MiKTeX/fonts/type1/public/amsfonts/symbols/msbm10
.pfb><C:/Users/rutvi/AppData/Local/Programs/MiKTeX/fonts/type1/urw/times/utmb8a
.pfb><C:/Users/rutvi/AppData/Local/Programs/MiKTeX/fonts/type1/urw/times/utmr8a
.pfb>
Output written on main.pdf (21 pages, 587466 bytes).
PDF statistics:
 150 PDF objects out of 1000 (max. 8388607)
 0 named destinations out of 1000 (max. 500000)
 51 words of extra memory for PDF output out of 10000 (max. 10000000)

