This is pdfTeX, Version 3.141592653-2.6-1.40.24 (MiKTeX 21.12) (preloaded format=pdflatex 2021.12.18)  18 DEC 2021 20:02
entering extended mode
 restricted \write18 enabled.
 %&-line parsing enabled.
**./main.tex
(main.tex
LaTeX2e <2021-11-15> patch level 1
L3 programming layer <2021-11-22>
(C:\Users\rutvi\AppData\Local\Programs\MiKTeX\tex/latex/base\report.cls
Document Class: report 2021/10/04 v1.4n Standard LaTeX document class
(C:\Users\rutvi\AppData\Local\Programs\MiKTeX\tex/latex/base\size12.clo
File: size12.clo 2021/10/04 v1.4n Standard LaTeX file (size option)
)
\c@part=\count183
\c@chapter=\count184
\c@section=\count185
\c@subsection=\count186
\c@subsubsection=\count187
\c@paragraph=\count188
\c@subparagraph=\count189
\c@figure=\count190
\c@table=\count191
\abovecaptionskip=\skip47
\belowcaptionskip=\skip48
\bibindent=\dimen138
)
(C:\Users\rutvi\AppData\Local\Programs\MiKTeX\tex/latex/amsfonts\amssymb.sty
Package: amssymb 2013/01/14 v3.01 AMS font symbols

(C:\Users\rutvi\AppData\Local\Programs\MiKTeX\tex/latex/amsfonts\amsfonts.sty
Package: amsfonts 2013/01/14 v3.01 Basic AMSFonts support
\@emptytoks=\toks16
\symAMSa=\mathgroup4
\symAMSb=\mathgroup5
LaTeX Font Info:    Redeclaring math symbol \hbar on input line 98.
LaTeX Font Info:    Overwriting math alphabet `\mathfrak' in version `bold'
(Font)                  U/euf/m/n --> U/euf/b/n on input line 106.
)) (C:\Users\rutvi\AppData\Local\Programs\MiKTeX\tex/latex/graphics\graphicx.st
y
Package: graphicx 2021/09/16 v1.2d Enhanced LaTeX Graphics (DPC,SPQR)

(C:\Users\rutvi\AppData\Local\Programs\MiKTeX\tex/latex/graphics\keyval.sty
Package: keyval 2014/10/28 v1.15 key=value parser (DPC)
\KV@toks@=\toks17
)
(C:\Users\rutvi\AppData\Local\Programs\MiKTeX\tex/latex/graphics\graphics.sty
Package: graphics 2021/03/04 v1.4d Standard LaTeX Graphics (DPC,SPQR)

(C:\Users\rutvi\AppData\Local\Programs\MiKTeX\tex/latex/graphics\trig.sty
Package: trig 2021/08/11 v1.11 sin cos tan (DPC)
)
(C:\Users\rutvi\AppData\Local\Programs\MiKTeX\tex/latex/graphics-cfg\graphics.c
fg
File: graphics.cfg 2016/06/04 v1.11 sample graphics configuration
)
Package graphics Info: Driver file: pdftex.def on input line 107.

(C:\Users\rutvi\AppData\Local\Programs\MiKTeX\tex/latex/graphics-def\pdftex.def
File: pdftex.def 2020/10/05 v1.2a Graphics/color driver for pdftex
))
\Gin@req@height=\dimen139
\Gin@req@width=\dimen140
) (C:\Users\rutvi\AppData\Local\Programs\MiKTeX\tex/latex/natbib\natbib.sty
Package: natbib 2010/09/13 8.31b (PWD, AO)
\bibhang=\skip49
\bibsep=\skip50
LaTeX Info: Redefining \cite on input line 694.
\c@NAT@ctr=\count192
)
(C:\Users\rutvi\AppData\Local\Programs\MiKTeX\tex/latex/tools\multicol.sty
Package: multicol 2021/10/28 v1.9b multicolumn formatting (FMi)
\c@tracingmulticols=\count193
\mult@box=\box50
\multicol@leftmargin=\dimen141
\c@unbalance=\count194
\c@collectmore=\count195
\doublecol@number=\count196
\multicoltolerance=\count197
\multicolpretolerance=\count198
\full@width=\dimen142
\page@free=\dimen143
\premulticols=\dimen144
\postmulticols=\dimen145
\multicolsep=\skip51
\multicolbaselineskip=\skip52
\partial@page=\box51
\last@line=\box52
\maxbalancingoverflow=\dimen146
\mult@rightbox=\box53
\mult@grightbox=\box54
\mult@firstbox=\box55
\mult@gfirstbox=\box56
\@tempa=\box57
\@tempa=\box58
\@tempa=\box59
\@tempa=\box60
\@tempa=\box61
\@tempa=\box62
\@tempa=\box63
\@tempa=\box64
\@tempa=\box65
\@tempa=\box66
\@tempa=\box67
\@tempa=\box68
\@tempa=\box69
\@tempa=\box70
\@tempa=\box71
\@tempa=\box72
\@tempa=\box73
\@tempa=\box74
\@tempa=\box75
\@tempa=\box76
\@tempa=\box77
\@tempa=\box78
\@tempa=\box79
\@tempa=\box80
\@tempa=\box81
\@tempa=\box82
\@tempa=\box83
\@tempa=\box84
\@tempa=\box85
\@tempa=\box86
\@tempa=\box87
\@tempa=\box88
\@tempa=\box89
\@tempa=\box90
\@tempa=\box91
\@tempa=\box92
\c@minrows=\count199
\c@columnbadness=\count266
\c@finalcolumnbadness=\count267
\last@try=\dimen147
\multicolovershoot=\dimen148
\multicolundershoot=\dimen149
\mult@nat@firstbox=\box93
\colbreak@box=\box94
\mc@col@check@num=\count268
)
(C:\Users\rutvi\AppData\Local\Programs\MiKTeX\tex/latex/psnfss\times.sty
Package: times 2020/03/25 PSNFSS-v9.3 (SPQR) 
)
(C:\Users\rutvi\AppData\Local\Programs\MiKTeX\tex/latex/listings\listings.sty
\lst@mode=\count269
\lst@gtempboxa=\box95
\lst@token=\toks18
\lst@length=\count270
\lst@currlwidth=\dimen150
\lst@column=\count271
\lst@pos=\count272
\lst@lostspace=\dimen151
\lst@width=\dimen152
\lst@newlines=\count273
\lst@lineno=\count274
\lst@maxwidth=\dimen153

(C:\Users\rutvi\AppData\Local\Programs\MiKTeX\tex/latex/listings\lstmisc.sty
File: lstmisc.sty 2020/03/24 1.8d (Carsten Heinz)
\c@lstnumber=\count275
\lst@skipnumbers=\count276
\lst@framebox=\box96
)
(C:\Users\rutvi\AppData\Local\Programs\MiKTeX\tex/latex/listings\listings.cfg
File: listings.cfg 2020/03/24 1.8d listings configuration
))
Package: listings 2020/03/24 1.8d (Carsten Heinz)
(C:\Users\rutvi\AppData\Local\Programs\MiKTeX\tex/latex/geometry\geometry.sty
Package: geometry 2020/01/02 v5.9 Page Geometry

(C:\Users\rutvi\AppData\Local\Programs\MiKTeX\tex/generic/iftex\ifvtex.sty
Package: ifvtex 2019/10/25 v1.7 ifvtex legacy package. Use iftex instead.

(C:\Users\rutvi\AppData\Local\Programs\MiKTeX\tex/generic/iftex\iftex.sty
Package: iftex 2020/03/06 v1.0d TeX engine tests
))
\Gm@cnth=\count277
\Gm@cntv=\count278
\c@Gm@tempcnt=\count279
\Gm@bindingoffset=\dimen154
\Gm@wd@mp=\dimen155
\Gm@odd@mp=\dimen156
\Gm@even@mp=\dimen157
\Gm@layoutwidth=\dimen158
\Gm@layoutheight=\dimen159
\Gm@layouthoffset=\dimen160
\Gm@layoutvoffset=\dimen161
\Gm@dimlist=\toks19

(C:\Users\rutvi\AppData\Local\Programs\MiKTeX\tex/latex/geometry\geometry.cfg))
LaTeX Font Info:    Trying to load font information for OT1+ptm on input line 2
6.
(C:\Users\rutvi\AppData\Local\Programs\MiKTeX\tex/latex/psnfss\ot1ptm.fd
File: ot1ptm.fd 2001/06/04 font definitions for OT1/ptm.
)
(C:\Users\rutvi\AppData\Local\Programs\MiKTeX\tex/latex/l3backend\l3backend-pdf
tex.def
File: l3backend-pdftex.def 2021-10-18 L3 backend support: PDF output (pdfTeX)
\l__color_backend_stack_int=\count280
\l__pdf_internal_box=\box97
) (main.aux (FrontMatter/titlePage.aux) (FrontMatter/overview.aux)
(Chapters/Fixed_wing.aux) (Chapters/Multirotor.aux) (Chapters/conclusions.aux))
\openout1 = `main.aux'.

LaTeX Font Info:    Checking defaults for OML/cmm/m/it on input line 26.
LaTeX Font Info:    ... okay on input line 26.
LaTeX Font Info:    Checking defaults for OMS/cmsy/m/n on input line 26.
LaTeX Font Info:    ... okay on input line 26.
LaTeX Font Info:    Checking defaults for OT1/cmr/m/n on input line 26.
LaTeX Font Info:    ... okay on input line 26.
LaTeX Font Info:    Checking defaults for T1/cmr/m/n on input line 26.
LaTeX Font Info:    ... okay on input line 26.
LaTeX Font Info:    Checking defaults for TS1/cmr/m/n on input line 26.
LaTeX Font Info:    ... okay on input line 26.
LaTeX Font Info:    Checking defaults for OMX/cmex/m/n on input line 26.
LaTeX Font Info:    ... okay on input line 26.
LaTeX Font Info:    Checking defaults for U/cmr/m/n on input line 26.
LaTeX Font Info:    ... okay on input line 26.

(C:\Users\rutvi\AppData\Local\Programs\MiKTeX\tex/context/base/mkii\supp-pdf.mk
ii
[Loading MPS to PDF converter (version 2006.09.02).]
\scratchcounter=\count281
\scratchdimen=\dimen162
\scratchbox=\box98
\nofMPsegments=\count282
\nofMParguments=\count283
\everyMPshowfont=\toks20
\MPscratchCnt=\count284
\MPscratchDim=\dimen163
\MPnumerator=\count285
\makeMPintoPDFobject=\count286
\everyMPtoPDFconversion=\toks21
)
(C:\Users\rutvi\AppData\Local\Programs\MiKTeX\tex/latex/epstopdf-pkg\epstopdf-b
ase.sty
Package: epstopdf-base 2020-01-24 v2.11 Base part for package epstopdf
Package epstopdf-base Info: Redefining graphics rule for `.eps' on input line 4
85.

(C:\Users\rutvi\AppData\Local\Programs\MiKTeX\tex/latex/00miktex\epstopdf-sys.c
fg
File: epstopdf-sys.cfg 2021/03/18 v2.0 Configuration of epstopdf for MiKTeX
))
\c@lstlisting=\count287

*geometry* driver: auto-detecting
*geometry* detected driver: pdftex
*geometry* verbose mode - [ preamble ] result:
* driver: pdftex
* paper: <default>
* layout: <same size as paper>
* layoutoffset:(h,v)=(0.0pt,0.0pt)
* modes: 
* h-part:(L,W,R)=(72.26999pt, 469.75502pt, 72.26999pt)
* v-part:(T,H,B)=(72.26999pt, 650.43001pt, 72.26999pt)
* \paperwidth=614.295pt
* \paperheight=794.96999pt
* \textwidth=469.75502pt
* \textheight=650.43001pt
* \oddsidemargin=0.0pt
* \evensidemargin=0.0pt
* \topmargin=-37.0pt
* \headheight=12.0pt
* \headsep=25.0pt
* \topskip=12.0pt
* \footskip=30.0pt
* \marginparwidth=44.0pt
* \marginparsep=10.0pt
* \columnsep=10.0pt
* \skip\footins=10.8pt plus 4.0pt minus 2.0pt
* \hoffset=0.0pt
* \voffset=0.0pt
* \mag=1000
* \@twocolumnfalse
* \@twosidefalse
* \@mparswitchfalse
* \@reversemarginfalse
* (1in=72.27pt=25.4mm, 1cm=28.453pt)

\openout2 = `./FrontMatter/titlePage.aux'.

(FrontMatter/titlePage.tex
<./Images/iitdlogo.PNG, id=1, 65.5248pt x 65.043pt>
File: ./Images/iitdlogo.PNG Graphic file (type png)
<use ./Images/iitdlogo.PNG>
Package pdftex.def Info: ./Images/iitdlogo.PNG  used on input line 23.
(pdftex.def)             Requested size: 99.58464pt x 98.85347pt.
) [1


{C:/Users/rutvi/AppData/Local/MiKTeX/fonts/map/pdftex/pdftex.map} <./Images/iit
dlogo.PNG>] (main.toc
LaTeX Font Info:    Trying to load font information for U+msa on input line 2.

(C:\Users\rutvi\AppData\Local\Programs\MiKTeX\tex/latex/amsfonts\umsa.fd
File: umsa.fd 2013/01/14 v3.01 AMS symbols A
)
LaTeX Font Info:    Trying to load font information for U+msb on input line 2.

(C:\Users\rutvi\AppData\Local\Programs\MiKTeX\tex/latex/amsfonts\umsb.fd
File: umsb.fd 2013/01/14 v3.01 AMS symbols B
))
\tf@toc=\write3
\openout3 = `main.toc'.


[2



] (main.lof)
\tf@lof=\write4
\openout4 = `main.lof'.

 [3

] (main.lot)
\tf@lot=\write5
\openout5 = `main.lot'.

 [4

]
\openout2 = `./FrontMatter/overview.aux'.

 (FrontMatter/overview.tex) [1


]
\openout2 = `./Chapters/Fixed_wing.aux'.


(Chapters/Fixed_wing.tex
Chapter 1.
[2




]
<Images/Fixed_Wing_parameters.png, id=25, 557.6835pt x 449.2785pt>
File: Images/Fixed_Wing_parameters.png Graphic file (type png)
<use Images/Fixed_Wing_parameters.png>
Package pdftex.def Info: Images/Fixed_Wing_parameters.png  used on input line 3
0.
(pdftex.def)             Requested size: 375.80544pt x 302.76315pt.
 [3 <./Images/Fixed_Wing_parameters.png>]

Package natbib Warning: Citation `Randal2012' on page 4 undefined on input line
 69.

[4]
Underfull \hbox (badness 10000) in paragraph at lines 86--87

 []


! LaTeX Error: Environment aligned undefined.

See the LaTeX manual or LaTeX Companion for explanation.
Type  H <return>  for immediate help.
 ...                                              
                                                  
l.88 \begin{aligned}
                    
Your command was ignored.
Type  I <command> <return>  to replace it with another command,
or  <return>  to continue without it.

! Misplaced alignment tab character &.
l.89 	&
       \left(\begin{array}{c}
I can't figure out why you would want to use a tab mark
here. If you just want an ampersand, the remedy is
simple: Just type `I\&' now. But if some right brace
up above has ended a previous alignment prematurely,
you're probably due for more error messages, and you
might try typing `S' now just to see what is salvageable.

! Missing $ inserted.
<inserted text> 
                $
l.89 	&\left
            (\begin{array}{c}
I've inserted a begin-math/end-math symbol since I think
you left one out. Proceed, with fingers crossed.

! Misplaced alignment tab character &.
<recently read> &
                 
l.108 	&
        +\left(\begin{array}{cc}
I can't figure out why you would want to use a tab mark
here. If you just want an ampersand, the remedy is
simple: Just type `I\&' now. But if some right brace
up above has ended a previous alignment prematurely,
you're probably due for more error messages, and you
might try typing `S' now just to see what is salvageable.


! LaTeX Error: \begin{document} ended by \end{aligned}.

See the LaTeX manual or LaTeX Companion for explanation.
Type  H <return>  for immediate help.
 ...                                              
                                                  
l.118 \end{aligned}
                    \\\\
Your command was ignored.
Type  I <command> <return>  to replace it with another command,
or  <return>  to continue without it.

! Missing $ inserted.
<inserted text> 
                $
l.118 \end{aligned}
                    \\\\
I've inserted something that you may have forgotten.
(See the <inserted text> above.)
With luck, this will get me unwedged. But if you
really didn't forget anything, try typing `2' now; then
my insertion and my current dilemma will both disappear.


Underfull \hbox (badness 10000) in paragraph at lines 89--119

 []


Underfull \hbox (badness 10000) in paragraph at lines 89--119

 []


Underfull \hbox (badness 10000) in paragraph at lines 120--121

 []

LaTeX Font Info:    Trying to load font information for TS1+ptm on input line 1
23.
(C:\Users\rutvi\AppData\Local\Programs\MiKTeX\tex/latex/psnfss\ts1ptm.fd
File: ts1ptm.fd 2001/06/04 font definitions for TS1/ptm.
)
[5]

! LaTeX Error: There's no line here to end.

See the LaTeX manual or LaTeX Companion for explanation.
Type  H <return>  for immediate help.
 ...                                              
                                                  
l.148 \end{lstlisting}\\\
                         
Your command was ignored.
Type  I <command> <return>  to replace it with another command,
or  <return>  to continue without it.


Underfull \hbox (badness 10000) in paragraph at lines 151--156

 []


! LaTeX Error: Environment aligned undefined.

See the LaTeX manual or LaTeX Companion for explanation.
Type  H <return>  for immediate help.
 ...                                              
                                                  
l.157 \begin{aligned}
                     
Your command was ignored.
Type  I <command> <return>  to replace it with another command,
or  <return>  to continue without it.

! Missing $ inserted.
<inserted text> 
                $
l.158 	\left
            (\begin{array}{c}
I've inserted a begin-math/end-math symbol since I think
you left one out. Proceed, with fingers crossed.

! Misplaced alignment tab character &.
l.164 	\end{array}\right)=&
                           \left(\begin{array}{ccccr}
I can't figure out why you would want to use a tab mark
here. If you just want an ampersand, the remedy is
simple: Just type `I\&' now. But if some right brace
up above has ended a previous alignment prematurely,
you're probably due for more error messages, and you
might try typing `S' now just to see what is salvageable.

! Misplaced alignment tab character &.
<recently read> &
                 
l.171 	&
         \times\left(\begin{array}{c}
I can't figure out why you would want to use a tab mark
here. If you just want an ampersand, the remedy is
simple: Just type `I\&' now. But if some right brace
up above has ended a previous alignment prematurely,
you're probably due for more error messages, and you
might try typing `S' now just to see what is salvageable.


! LaTeX Error: \begin{document} ended by \end{aligned}.

See the LaTeX manual or LaTeX Companion for explanation.
Type  H <return>  for immediate help.
 ...                                              
                                                  
l.187 \end{aligned}
                    \\\\
Your command was ignored.
Type  I <command> <return>  to replace it with another command,
or  <return>  to continue without it.

! Missing $ inserted.
<inserted text> 
                $
l.187 \end{aligned}
                    \\\\
I've inserted something that you may have forgotten.
(See the <inserted text> above.)
With luck, this will get me unwedged. But if you
really didn't forget anything, try typing `2' now; then
my insertion and my current dilemma will both disappear.


Underfull \hbox (badness 10000) in paragraph at lines 158--188

 []


Underfull \hbox (badness 10000) in paragraph at lines 158--188

 []


Underfull \hbox (badness 10000) in paragraph at lines 189--190

 []

[6]

! LaTeX Error: There's no line here to end.

See the LaTeX manual or LaTeX Companion for explanation.
Type  H <return>  for immediate help.
 ...                                              
                                                  
l.210 \end{lstlisting} \\\
                          
Your command was ignored.
Type  I <command> <return>  to replace it with another command,
or  <return>  to continue without it.

<Images/fixed_wing_simulink.png, id=50, 710.05275pt x 292.6935pt>
File: Images/fixed_wing_simulink.png Graphic file (type png)
<use Images/fixed_wing_simulink.png>
Package pdftex.def Info: Images/fixed_wing_simulink.png  used on input line 217
.
(pdftex.def)             Requested size: 469.75502pt x 193.64278pt.
) [7 <./Images/fixed_wing_simulink.png>]
\openout2 = `./Chapters/Multirotor.aux'.

 (Chapters/Multirotor.tex
Chapter 2.

Package natbib Warning: Citation `2011_battisti' on page 8 undefined on input l
ine 4.


Package natbib Warning: Citation `2012_kinzel' on page 8 undefined on input lin
e 4.


Package natbib Warning: Citation `2014_araya' on page 8 undefined on input line
 4.


Package natbib Warning: Citation `2011_mclaren' on page 8 undefined on input li
ne 6.


Package natbib Warning: Citation `2009_shen' on page 8 undefined on input line 
8.


Package natbib Warning: Citation `2015_bachant' on page 8 undefined on input li
ne 8.


Package natbib Warning: Citation `2014_samso' on page 8 undefined on input line
 8.


Package natbib Warning: Citation `2016_hezaveh' on page 8 undefined on input li
ne 8.

[8




]

Package natbib Warning: Citation `2011_mclaren' on page 9 undefined on input li
ne 15.


Package natbib Warning: Citation `2016_hezaveh' on page 9 undefined on input li
ne 15.

) [9]
\openout2 = `./Chapters/conclusions.aux'.

 (Chapters/conclusions.tex
Chapter 3.
! Missing { inserted.
<to be read again> 
                   ^
l.8 ...{u_i}}}{\partial{x}_k}-\overline{\rho{u_i^'
                                                  }{u_k^'}}\right]+B_i,
A left brace was mandatory here, so I've put one in.
You might want to delete and/or insert some corrections
so that I will find a matching right brace soon.
(If you're confused by all this, try typing `I}' now.)

! Missing { inserted.
<to be read again> 
                   ^
l.8 ...{\partial{x}_k}-\overline{\rho{u_i^'}{u_k^'
                                                  }}\right]+B_i,
A left brace was mandatory here, so I've put one in.
You might want to delete and/or insert some corrections
so that I will find a matching right brace soon.
(If you're confused by all this, try typing `I}' now.)

! Missing } inserted.
<inserted text> 
                }
l.8 ...l{x}_k}-\overline{\rho{u_i^'}{u_k^'}}\right
                                                  ]+B_i,
I've inserted something that you may have forgotten.
(See the <inserted text> above.)
With luck, this will get me unwedged. But if you
really didn't forget anything, try typing `2' now; then
my insertion and my current dilemma will both disappear.

! Missing } inserted.
<inserted text> 
                }
l.8 ...l{x}_k}-\overline{\rho{u_i^'}{u_k^'}}\right
                                                  ]+B_i,
I've inserted something that you may have forgotten.
(See the <inserted text> above.)
With luck, this will get me unwedged. But if you
really didn't forget anything, try typing `2' now; then
my insertion and my current dilemma will both disappear.

! Missing { inserted.
<to be read again> 
                   ^
l.10 ...nolds stress terms ($-\overline{\rho{u_i^'
                                                  }{u_k^'}}$) appearing in t...
A left brace was mandatory here, so I've put one in.
You might want to delete and/or insert some corrections
so that I will find a matching right brace soon.
(If you're confused by all this, try typing `I}' now.)

! Missing { inserted.
<to be read again> 
                   ^
l.10 ...tress terms ($-\overline{\rho{u_i^'}{u_k^'
                                                  }}$) appearing in the mean...
A left brace was mandatory here, so I've put one in.
You might want to delete and/or insert some corrections
so that I will find a matching right brace soon.
(If you're confused by all this, try typing `I}' now.)

! Missing } inserted.
<inserted text> 
                }
l.10 ...ss terms ($-\overline{\rho{u_i^'}{u_k^'}}$
                                                  ) appearing in the mean mo...
I've inserted something that you may have forgotten.
(See the <inserted text> above.)
With luck, this will get me unwedged. But if you
really didn't forget anything, try typing `2' now; then
my insertion and my current dilemma will both disappear.

! Missing } inserted.
<inserted text> 
                }
l.10 ...ss terms ($-\overline{\rho{u_i^'}{u_k^'}}$
                                                  ) appearing in the mean mo...
I've inserted something that you may have forgotten.
(See the <inserted text> above.)
With luck, this will get me unwedged. But if you
really didn't forget anything, try typing `2' now; then
my insertion and my current dilemma will both disappear.


LaTeX Warning: Reference `fig: domain' on page 10 undefined on input line 13.


LaTeX Warning: Reference `fig: domain' on page 10 undefined on input line 13.


Package natbib Warning: Citation `2009_shen' on page 10 undefined on input line
 13.


Package natbib Warning: Citation `2009_shen' on page 10 undefined on input line
 13.

<Images/FMFP_Schematic_1.pdf, id=62, 1268.74pt x 746.79pt>
File: Images/FMFP_Schematic_1.pdf Graphic file (type pdf)
<use Images/FMFP_Schematic_1.pdf>
Package pdftex.def Info: Images/FMFP_Schematic_1.pdf  used on input line 16.
(pdftex.def)             Requested size: 469.75502pt x 276.50168pt.

Package natbib Warning: Citation `2016_hezaveh' on page 10 undefined on input l
ine 22.


Package natbib Warning: Citation `2020_ravensbergen' on page 10 undefined on in
put line 22.

[10




]

Package natbib Warning: Citation `2016_hezaveh' on page 11 undefined on input l
ine 24.


LaTeX Warning: Reference `fig: domain' on page 11 undefined on input line 24.

<Images/ALM_Spatial_Distribution.jpg, id=67, 694.84593pt x 450.9347pt>
File: Images/ALM_Spatial_Distribution.jpg Graphic file (type jpg)
<use Images/ALM_Spatial_Distribution.jpg>
Package pdftex.def Info: Images/ALM_Spatial_Distribution.jpg  used on input lin
e 27.
(pdftex.def)             Requested size: 375.80544pt x 243.88643pt.
[11 <./Images/FMFP_Schematic_1.pdf>]

! LaTeX Error: Unicode character α (U+03B1)
               not set up for use with LaTeX.

See the LaTeX manual or LaTeX Companion for explanation.
Type  H <return>  for immediate help.
 ...                                              
                                                  
l.41 ...nd the resulting local angle of attack, α
                                                  , which are given by the f...

You may provide a definition with
\DeclareUnicodeCharacter 

[12 <./Images/ALM_Spatial_Distribution.jpg>]

! LaTeX Error: Unicode character  (U+0002)
               not set up for use with LaTeX.

See the LaTeX manual or LaTeX Companion for explanation.
Type  H <return>  for immediate help.
 ...                                              
                                                  
l.89 From FN and F.T., the upwind 
                                   $\pi/2 < \theta < \pi/2$ (quadrants I and...

You may provide a definition with
\DeclareUnicodeCharacter 

[13] [14]

Package natbib Warning: Citation `2016_hezaveh' on page 15 undefined on input l
ine 138.


Package natbib Warning: Citation `2013_bachant' on page 15 undefined on input l
ine 138.


! LaTeX Error: Unicode character σ (U+03C3)
               not set up for use with LaTeX.

See the LaTeX manual or LaTeX Companion for explanation.
Type  H <return>  for immediate help.
 ...                                              
                                                  
l.141 ...A 0020 blades, resulting in a solidity σ
                                                   = Nc/πD = 0.13. The blad...

You may provide a definition with
\DeclareUnicodeCharacter 


! LaTeX Error: Unicode character π (U+03C0)
               not set up for use with LaTeX.

See the LaTeX manual or LaTeX Companion for explanation.
Type  H <return>  for immediate help.
 ...                                              
                                                  
l.141 ...lades, resulting in a solidity σ = Nc/π
                                                  D = 0.13. The blades were ...

You may provide a definition with
\DeclareUnicodeCharacter 

[15]
<Images/bachant_dimensions.PNG, id=94, 392.667pt x 349.90726pt>
File: Images/bachant_dimensions.PNG Graphic file (type png)
<use Images/bachant_dimensions.PNG>
Package pdftex.def Info: Images/bachant_dimensions.PNG  used on input line 145.

(pdftex.def)             Requested size: 375.80544pt x 334.88736pt.
<Images/bachanr_schematics.PNG, id=95, 396.88275pt x 393.8715pt>
File: Images/bachanr_schematics.PNG Graphic file (type png)
<use Images/bachanr_schematics.PNG>
Package pdftex.def Info: Images/bachanr_schematics.PNG  used on input line 152.

(pdftex.def)             Requested size: 375.80544pt x 372.95576pt.
) [16 <./Images/bachant_dimensions.PNG>] [17 <./Images/bachanr_schematics.PNG>]
 (main.bbl

Package natbib Warning: Empty `thebibliography' environment on input line 10.

)

Package natbib Warning: There were undefined citations.

[18



] (main.aux (FrontMatter/titlePage.aux) (FrontMatter/overview.aux)
(Chapters/Fixed_wing.aux) (Chapters/Multirotor.aux) (Chapters/conclusions.aux))

LaTeX Warning: There were undefined references.

 ) 
Here is how much of TeX's memory you used:
 4855 strings out of 478659
 77245 string characters out of 2845919
 407994 words of memory out of 3000000
 22869 multiletter control sequences out of 15000+600000
 417999 words of font info for 59 fonts, out of 8000000 for 9000
 1141 hyphenation exceptions out of 8191
 55i,10n,62p,1167b,1520s stack positions out of 5000i,500n,10000p,200000b,80000s
{C:/Users/rutvi/AppData/Local/Programs/MiKTeX/fonts/enc/dvips/base/8r.enc}<C:
/Users/rutvi/AppData/Local/Programs/MiKTeX/fonts/type1/public/amsfonts/cm/cmex1
0.pfb><C:/Users/rutvi/AppData/Local/Programs/MiKTeX/fonts/type1/public/amsfonts
/cm/cmmi12.pfb><C:/Users/rutvi/AppData/Local/Programs/MiKTeX/fonts/type1/public
/amsfonts/cm/cmmi6.pfb><C:/Users/rutvi/AppData/Local/Programs/MiKTeX/fonts/type
1/public/amsfonts/cm/cmmi8.pfb><C:/Users/rutvi/AppData/Local/Programs/MiKTeX/fo
nts/type1/public/amsfonts/cm/cmr12.pfb><C:/Users/rutvi/AppData/Local/Programs/M
iKTeX/fonts/type1/public/amsfonts/cm/cmr6.pfb><C:/Users/rutvi/AppData/Local/Pro
grams/MiKTeX/fonts/type1/public/amsfonts/cm/cmr8.pfb><C:/Users/rutvi/AppData/Lo
cal/Programs/MiKTeX/fonts/type1/public/amsfonts/cm/cmsy10.pfb><C:/Users/rutvi/A
ppData/Local/Programs/MiKTeX/fonts/type1/public/amsfonts/cm/cmsy6.pfb><C:/Users
/rutvi/AppData/Local/Programs/MiKTeX/fonts/type1/public/amsfonts/cm/cmsy8.pfb><
C:/Users/rutvi/AppData/Local/Programs/MiKTeX/fonts/type1/public/amsfonts/symbol
s/msbm10.pfb><C:/Users/rutvi/AppData/Local/Programs/MiKTeX/fonts/type1/urw/time
s/utmb8a.pfb><C:/Users/rutvi/AppData/Local/Programs/MiKTeX/fonts/type1/urw/time
s/utmr8a.pfb>
Output written on main.pdf (22 pages, 732417 bytes).
PDF statistics:
 162 PDF objects out of 1000 (max. 8388607)
 0 named destinations out of 1000 (max. 500000)
 36 words of extra memory for PDF output out of 10000 (max. 10000000)

